{"/home/tsdev/Documents/repos/typescript-node-api-boilerplate-crud/src/app.ts": {"path":"/home/tsdev/Documents/repos/typescript-node-api-boilerplate-crud/src/app.ts","statementMap":{"0":{"start":{"line":1,"column":0},"end":{"line":1,"column":24}},"1":{"start":{"line":2,"column":0},"end":{"line":2,"column":30}},"2":{"start":{"line":3,"column":0},"end":{"line":3,"column":38}},"3":{"start":{"line":4,"column":0},"end":{"line":4,"column":62}},"4":{"start":{"line":5,"column":0},"end":{"line":5,"column":45}},"5":{"start":{"line":6,"column":0},"end":{"line":6,"column":48}},"6":{"start":{"line":7,"column":0},"end":{"line":7,"column":50}},"7":{"start":{"line":8,"column":0},"end":{"line":8,"column":44}},"8":{"start":{"line":9,"column":0},"end":{"line":9,"column":60}},"9":{"start":{"line":11,"column":12},"end":{"line":11,"column":21}},"10":{"start":{"line":12,"column":0},"end":{"line":12,"column":24}},"11":{"start":{"line":13,"column":0},"end":{"line":13,"column":16}},"12":{"start":{"line":14,"column":0},"end":{"line":14,"column":24}},"13":{"start":{"line":15,"column":0},"end":{"line":15,"column":24}},"14":{"start":{"line":16,"column":0},"end":{"line":16,"column":22}},"15":{"start":{"line":17,"column":0},"end":{"line":17,"column":48}},"16":{"start":{"line":18,"column":0},"end":{"line":18,"column":31}},"17":{"start":{"line":19,"column":0},"end":{"line":19,"column":28}},"18":{"start":{"line":21,"column":0},"end":{"line":24,"column":3}},"19":{"start":{"line":22,"column":2},"end":{"line":22,"column":30}},"20":{"start":{"line":23,"column":2},"end":{"line":23,"column":19}},"21":{"start":{"line":26,"column":0},"end":{"line":26,"column":34}},"22":{"start":{"line":27,"column":0},"end":{"line":27,"column":37}},"23":{"start":{"line":28,"column":0},"end":{"line":28,"column":53}},"24":{"start":{"line":30,"column":0},"end":{"line":30,"column":19}}},"fnMap":{"0":{"name":"(anonymous_1)","decl":{"start":{"line":21,"column":17},"end":{"line":21,"column":18}},"loc":{"start":{"line":21,"column":31},"end":{"line":24,"column":1}}}},"branchMap":{},"s":{"0":1,"1":1,"2":1,"3":1,"4":1,"5":1,"6":1,"7":1,"8":1,"9":1,"10":1,"11":1,"12":1,"13":1,"14":1,"15":1,"16":1,"17":1,"18":1,"19":0,"20":0,"21":1,"22":1,"23":1,"24":1},"f":{"0":0},"b":{}}
,"/home/tsdev/Documents/repos/typescript-node-api-boilerplate-crud/src/index.ts": {"path":"/home/tsdev/Documents/repos/typescript-node-api-boilerplate-crud/src/index.ts","statementMap":{"0":{"start":{"line":1,"column":0},"end":{"line":1,"column":32}},"1":{"start":{"line":2,"column":0},"end":{"line":2,"column":45}},"2":{"start":{"line":3,"column":0},"end":{"line":3,"column":57}},"3":{"start":{"line":4,"column":0},"end":{"line":4,"column":24}},"4":{"start":{"line":6,"column":0},"end":{"line":15,"column":5}},"5":{"start":{"line":11,"column":4},"end":{"line":11,"column":33}},"6":{"start":{"line":14,"column":4},"end":{"line":14,"column":65}},"7":{"start":{"line":17,"column":13},"end":{"line":17,"column":17}},"8":{"start":{"line":19,"column":0},"end":{"line":21,"column":3}},"9":{"start":{"line":20,"column":2},"end":{"line":20,"column":41}},"10":{"start":{"line":23,"column":0},"end":{"line":23,"column":19}}},"fnMap":{"0":{"name":"(anonymous_1)","decl":{"start":{"line":10,"column":8},"end":{"line":10,"column":11}},"loc":{"start":{"line":10,"column":13},"end":{"line":12,"column":3}}},"1":{"name":"(anonymous_2)","decl":{"start":{"line":13,"column":9},"end":{"line":13,"column":10}},"loc":{"start":{"line":13,"column":19},"end":{"line":15,"column":3}}},"2":{"name":"(anonymous_3)","decl":{"start":{"line":19,"column":17},"end":{"line":19,"column":20}},"loc":{"start":{"line":19,"column":22},"end":{"line":21,"column":1}}}},"branchMap":{},"s":{"0":1,"1":1,"2":1,"3":1,"4":1,"5":1,"6":0,"7":1,"8":1,"9":1,"10":1},"f":{"0":1,"1":0,"2":1},"b":{}}
,"/home/tsdev/Documents/repos/typescript-node-api-boilerplate-crud/src/controllers/emails.ts": {"path":"/home/tsdev/Documents/repos/typescript-node-api-boilerplate-crud/src/controllers/emails.ts","statementMap":{"0":{"start":{"line":3,"column":0},"end":{"line":3,"column":53}},"1":{"start":{"line":4,"column":0},"end":{"line":4,"column":49}},"2":{"start":{"line":6,"column":15},"end":{"line":6,"column":31}},"3":{"start":{"line":11,"column":0},"end":{"line":13,"column":3}},"4":{"start":{"line":12,"column":2},"end":{"line":12,"column":26}},"5":{"start":{"line":20,"column":1},"end":{"line":32,"column":3}},"6":{"start":{"line":21,"column":22},"end":{"line":26,"column":4}},"7":{"start":{"line":28,"column":20},"end":{"line":28,"column":22}},"8":{"start":{"line":29,"column":2},"end":{"line":31,"column":63}},"9":{"start":{"line":30,"column":16},"end":{"line":30,"column":39}},"10":{"start":{"line":31,"column":29},"end":{"line":31,"column":61}},"11":{"start":{"line":34,"column":0},"end":{"line":34,"column":22}}},"fnMap":{"0":{"name":"(anonymous_1)","decl":{"start":{"line":11,"column":20},"end":{"line":11,"column":21}},"loc":{"start":{"line":11,"column":34},"end":{"line":13,"column":1}}},"1":{"name":"(anonymous_2)","decl":{"start":{"line":20,"column":36},"end":{"line":20,"column":37}},"loc":{"start":{"line":20,"column":68},"end":{"line":32,"column":1}}},"2":{"name":"(anonymous_3)","decl":{"start":{"line":30,"column":10},"end":{"line":30,"column":13}},"loc":{"start":{"line":30,"column":16},"end":{"line":30,"column":39}}},"3":{"name":"(anonymous_4)","decl":{"start":{"line":31,"column":11},"end":{"line":31,"column":12}},"loc":{"start":{"line":31,"column":29},"end":{"line":31,"column":61}}}},"branchMap":{},"s":{"0":1,"1":1,"2":1,"3":1,"4":0,"5":1,"6":0,"7":0,"8":0,"9":0,"10":0,"11":1},"f":{"0":0,"1":0,"2":0,"3":0},"b":{}}
,"/home/tsdev/Documents/repos/typescript-node-api-boilerplate-crud/src/controllers/entries.handlers.ts": {"path":"/home/tsdev/Documents/repos/typescript-node-api-boilerplate-crud/src/controllers/entries.handlers.ts","statementMap":{"0":{"start":{"line":2,"column":0},"end":{"line":2,"column":47}},"1":{"start":{"line":14,"column":25},"end":{"line":24,"column":1}},"2":{"start":{"line":15,"column":17},"end":{"line":15,"column":46}},"3":{"start":{"line":16,"column":2},"end":{"line":23,"column":7}},"4":{"start":{"line":18,"column":6},"end":{"line":22,"column":null}},"5":{"start":{"line":19,"column":8},"end":{"line":19,"column":27}},"6":{"start":{"line":21,"column":8},"end":{"line":21,"column":48}},"7":{"start":{"line":14,"column":13},"end":{"line":14,"column":25}}},"fnMap":{"0":{"name":"(anonymous_1)","decl":{"start":{"line":14,"column":25},"end":{"line":14,"column":26}},"loc":{"start":{"line":14,"column":100},"end":{"line":24,"column":1}}},"1":{"name":"(anonymous_2)","decl":{"start":{"line":17,"column":10},"end":{"line":17,"column":11}},"loc":{"start":{"line":17,"column":43},"end":{"line":23,"column":5}}}},"branchMap":{"0":{"loc":{"start":{"line":15,"column":17},"end":{"line":15,"column":46}},"type":"binary-expr","locations":[{"start":{"line":15,"column":17},"end":{"line":15,"column":21}},{"start":{"line":15,"column":25},"end":{"line":15,"column":45}}]},"1":{"loc":{"start":{"line":15,"column":25},"end":{"line":15,"column":45}},"type":"cond-expr","locations":[{"start":{"line":15,"column":33},"end":{"line":15,"column":35}},{"start":{"line":15,"column":33},"end":{"line":15,"column":45}}]},"2":{"loc":{"start":{"line":15,"column":25},"end":{"line":15,"column":35}},"type":"binary-expr","locations":[{"start":{"line":15,"column":25},"end":{"line":15,"column":35}},{"start":{"line":15,"column":33},"end":{"line":15,"column":35}}]},"3":{"loc":{"start":{"line":18,"column":6},"end":{"line":22,"column":null}},"type":"if","locations":[{"start":{"line":18,"column":6},"end":{"line":22,"column":null}},{"start":{"line":20,"column":13},"end":{"line":22,"column":null}}]}},"s":{"0":1,"1":1,"2":3,"3":3,"4":3,"5":1,"6":2,"7":1},"f":{"0":3,"1":3},"b":{"0":[3,3],"1":[0,3],"2":[3,3],"3":[1,2]}}
,"/home/tsdev/Documents/repos/typescript-node-api-boilerplate-crud/src/controllers/entries.ts": {"path":"/home/tsdev/Documents/repos/typescript-node-api-boilerplate-crud/src/controllers/entries.ts","statementMap":{"0":{"start":{"line":1,"column":0},"end":{"line":1,"column":30}},"1":{"start":{"line":2,"column":0},"end":{"line":2,"column":31}},"2":{"start":{"line":3,"column":0},"end":{"line":3,"column":39}},"3":{"start":{"line":4,"column":0},"end":{"line":4,"column":47}},"4":{"start":{"line":6,"column":0},"end":{"line":6,"column":47}},"5":{"start":{"line":9,"column":15},"end":{"line":9,"column":31}},"6":{"start":{"line":20,"column":1},"end":{"line":22,"column":3}},"7":{"start":{"line":21,"column":2},"end":{"line":21,"column":26}},"8":{"start":{"line":29,"column":0},"end":{"line":34,"column":3}},"9":{"start":{"line":29,"column":36},"end":{"line":34,"column":2}},"10":{"start":{"line":30,"column":18},"end":{"line":31,"column":56}},"11":{"start":{"line":33,"column":2},"end":{"line":33,"column":20}},"12":{"start":{"line":42,"column":0},"end":{"line":47,"column":3}},"13":{"start":{"line":42,"column":38},"end":{"line":47,"column":2}},"14":{"start":{"line":43,"column":16},"end":{"line":43,"column":56}},"15":{"start":{"line":44,"column":2},"end":{"line":46,"column":68}},"16":{"start":{"line":55,"column":0},"end":{"line":78,"column":3}},"17":{"start":{"line":55,"column":41},"end":{"line":78,"column":2}},"18":{"start":{"line":57,"column":4},"end":{"line":57,"column":50}},"19":{"start":{"line":59,"column":17},"end":{"line":59,"column":32}},"20":{"start":{"line":61,"column":2},"end":{"line":77,"column":null}},"21":{"start":{"line":62,"column":4},"end":{"line":62,"column":71}},"22":{"start":{"line":64,"column":17},"end":{"line":64,"column":44}},"23":{"start":{"line":65,"column":4},"end":{"line":76,"column":null}},"24":{"start":{"line":66,"column":6},"end":{"line":66,"column":61}},"25":{"start":{"line":68,"column":20},"end":{"line":68,"column":60}},"26":{"start":{"line":69,"column":6},"end":{"line":75,"column":null}},"27":{"start":{"line":70,"column":8},"end":{"line":71,"column":73}},"28":{"start":{"line":73,"column":8},"end":{"line":73,"column":38}},"29":{"start":{"line":74,"column":8},"end":{"line":74,"column":37}},"30":{"start":{"line":86,"column":0},"end":{"line":97,"column":3}},"31":{"start":{"line":86,"column":38},"end":{"line":97,"column":2}},"32":{"start":{"line":87,"column":27},"end":{"line":87,"column":35}},"33":{"start":{"line":89,"column":23},"end":{"line":90,"column":59}},"34":{"start":{"line":92,"column":2},"end":{"line":96,"column":null}},"35":{"start":{"line":93,"column":4},"end":{"line":93,"column":75}},"36":{"start":{"line":95,"column":4},"end":{"line":95,"column":43}},"37":{"start":{"line":105,"column":0},"end":{"line":123,"column":3}},"38":{"start":{"line":107,"column":2},"end":{"line":122,"column":7}},"39":{"start":{"line":111,"column":6},"end":{"line":121,"column":null}},"40":{"start":{"line":112,"column":8},"end":{"line":112,"column":27}},"41":{"start":{"line":115,"column":8},"end":{"line":120,"column":12}},"42":{"start":{"line":117,"column":33},"end":{"line":119,"column":45}},"43":{"start":{"line":125,"column":0},"end":{"line":125,"column":22}}},"fnMap":{"0":{"name":"(anonymous_8)","decl":{"start":{"line":20,"column":21},"end":{"line":20,"column":22}},"loc":{"start":{"line":20,"column":35},"end":{"line":22,"column":1}}},"1":{"name":"(anonymous_9)","decl":{"start":{"line":29,"column":16},"end":{"line":29,"column":23}},"loc":{"start":{"line":29,"column":36},"end":{"line":34,"column":2}}},"2":{"name":"(anonymous_10)","decl":{"start":{"line":29,"column":36},"end":{"line":29,"column":null}},"loc":{"start":{"line":29,"column":36},"end":{"line":34,"column":1}}},"3":{"name":"(anonymous_11)","decl":{"start":{"line":42,"column":19},"end":{"line":42,"column":26}},"loc":{"start":{"line":42,"column":38},"end":{"line":47,"column":2}}},"4":{"name":"(anonymous_12)","decl":{"start":{"line":42,"column":38},"end":{"line":42,"column":null}},"loc":{"start":{"line":42,"column":38},"end":{"line":47,"column":1}}},"5":{"name":"(anonymous_13)","decl":{"start":{"line":55,"column":22},"end":{"line":55,"column":29}},"loc":{"start":{"line":55,"column":41},"end":{"line":78,"column":2}}},"6":{"name":"(anonymous_14)","decl":{"start":{"line":55,"column":41},"end":{"line":55,"column":null}},"loc":{"start":{"line":55,"column":41},"end":{"line":78,"column":1}}},"7":{"name":"(anonymous_15)","decl":{"start":{"line":86,"column":19},"end":{"line":86,"column":26}},"loc":{"start":{"line":86,"column":38},"end":{"line":97,"column":2}}},"8":{"name":"(anonymous_16)","decl":{"start":{"line":86,"column":38},"end":{"line":86,"column":null}},"loc":{"start":{"line":86,"column":38},"end":{"line":97,"column":1}}},"9":{"name":"(anonymous_17)","decl":{"start":{"line":105,"column":17},"end":{"line":105,"column":18}},"loc":{"start":{"line":105,"column":36},"end":{"line":123,"column":1}}},"10":{"name":"(anonymous_18)","decl":{"start":{"line":110,"column":4},"end":{"line":110,"column":5}},"loc":{"start":{"line":110,"column":28},"end":{"line":122,"column":5}}},"11":{"name":"(anonymous_19)","decl":{"start":{"line":117,"column":16},"end":{"line":117,"column":17}},"loc":{"start":{"line":117,"column":33},"end":{"line":119,"column":45}}}},"branchMap":{"0":{"loc":{"start":{"line":44,"column":2},"end":{"line":46,"column":67}},"type":"cond-expr","locations":[{"start":{"line":45,"column":6},"end":{"line":45,"column":33}},{"start":{"line":46,"column":6},"end":{"line":46,"column":67}}]},"1":{"loc":{"start":{"line":61,"column":2},"end":{"line":77,"column":null}},"type":"if","locations":[{"start":{"line":61,"column":2},"end":{"line":77,"column":null}},{"start":{"line":63,"column":9},"end":{"line":77,"column":null}}]},"2":{"loc":{"start":{"line":61,"column":6},"end":{"line":61,"column":27}},"type":"binary-expr","locations":[{"start":{"line":61,"column":6},"end":{"line":61,"column":16}},{"start":{"line":61,"column":20},"end":{"line":61,"column":27}}]},"3":{"loc":{"start":{"line":65,"column":4},"end":{"line":76,"column":null}},"type":"if","locations":[{"start":{"line":65,"column":4},"end":{"line":76,"column":null}},{"start":{"line":67,"column":11},"end":{"line":76,"column":null}}]},"4":{"loc":{"start":{"line":69,"column":6},"end":{"line":75,"column":null}},"type":"if","locations":[{"start":{"line":69,"column":6},"end":{"line":75,"column":null}},{"start":{"line":72,"column":13},"end":{"line":75,"column":null}}]},"5":{"loc":{"start":{"line":69,"column":10},"end":{"line":69,"column":53}},"type":"binary-expr","locations":[{"start":{"line":69,"column":10},"end":{"line":69,"column":15}},{"start":{"line":69,"column":20},"end":{"line":69,"column":52}}]},"6":{"loc":{"start":{"line":73,"column":8},"end":{"line":73,"column":38}},"type":"binary-expr","locations":[{"start":{"line":73,"column":8},"end":{"line":73,"column":13}},{"start":{"line":73,"column":17},"end":{"line":73,"column":37}}]},"7":{"loc":{"start":{"line":92,"column":2},"end":{"line":96,"column":null}},"type":"if","locations":[{"start":{"line":92,"column":2},"end":{"line":96,"column":null}},{"start":{"line":94,"column":9},"end":{"line":96,"column":null}}]},"8":{"loc":{"start":{"line":111,"column":6},"end":{"line":121,"column":null}},"type":"if","locations":[{"start":{"line":111,"column":6},"end":{"line":121,"column":null}},{"start":{"line":113,"column":13},"end":{"line":121,"column":null}}]},"9":{"loc":{"start":{"line":117,"column":33},"end":{"line":119,"column":45}},"type":"cond-expr","locations":[{"start":{"line":118,"column":14},"end":{"line":118,"column":25}},{"start":{"line":119,"column":14},"end":{"line":119,"column":45}}]}},"s":{"0":1,"1":1,"2":1,"3":1,"4":1,"5":1,"6":1,"7":1,"8":1,"9":0,"10":0,"11":0,"12":1,"13":0,"14":0,"15":0,"16":1,"17":0,"18":0,"19":0,"20":0,"21":0,"22":0,"23":0,"24":0,"25":0,"26":0,"27":0,"28":0,"29":0,"30":1,"31":0,"32":0,"33":0,"34":0,"35":0,"36":0,"37":1,"38":5,"39":5,"40":2,"41":3,"42":3,"43":1},"f":{"0":1,"1":0,"2":0,"3":0,"4":0,"5":0,"6":0,"7":0,"8":0,"9":5,"10":5,"11":3},"b":{"0":[0,0],"1":[0,0],"2":[0,0],"3":[0,0],"4":[0,0],"5":[0,0],"6":[0,0],"7":[0,0],"8":[2,3],"9":[0,3]}}
,"/home/tsdev/Documents/repos/typescript-node-api-boilerplate-crud/src/controllers/users.ts": {"path":"/home/tsdev/Documents/repos/typescript-node-api-boilerplate-crud/src/controllers/users.ts","statementMap":{"0":{"start":{"line":1,"column":0},"end":{"line":1,"column":53}},"1":{"start":{"line":2,"column":0},"end":{"line":2,"column":28}},"2":{"start":{"line":3,"column":0},"end":{"line":3,"column":39}},"3":{"start":{"line":5,"column":0},"end":{"line":5,"column":130}},"4":{"start":{"line":6,"column":0},"end":{"line":6,"column":52}},"5":{"start":{"line":7,"column":0},"end":{"line":7,"column":49}},"6":{"start":{"line":8,"column":0},"end":{"line":8,"column":42}},"7":{"start":{"line":9,"column":0},"end":{"line":9,"column":31}},"8":{"start":{"line":10,"column":0},"end":{"line":10,"column":43}},"9":{"start":{"line":13,"column":15},"end":{"line":13,"column":31}},"10":{"start":{"line":16,"column":0},"end":{"line":18,"column":3}},"11":{"start":{"line":17,"column":2},"end":{"line":17,"column":26}},"12":{"start":{"line":24,"column":0},"end":{"line":74,"column":3}},"13":{"start":{"line":24,"column":75},"end":{"line":74,"column":2}},"14":{"start":{"line":25,"column":21},"end":{"line":25,"column":23}},"15":{"start":{"line":26,"column":19},"end":{"line":26,"column":41}},"16":{"start":{"line":27,"column":16},"end":{"line":27,"column":35}},"17":{"start":{"line":28,"column":19},"end":{"line":28,"column":41}},"18":{"start":{"line":29,"column":23},"end":{"line":29,"column":62}},"19":{"start":{"line":30,"column":31},"end":{"line":30,"column":67}},"20":{"start":{"line":32,"column":2},"end":{"line":34,"column":null}},"21":{"start":{"line":33,"column":4},"end":{"line":33,"column":53}},"22":{"start":{"line":36,"column":15},"end":{"line":40,"column":4}},"23":{"start":{"line":42,"column":19},"end":{"line":42,"column":56}},"24":{"start":{"line":43,"column":2},"end":{"line":73,"column":null}},"25":{"start":{"line":44,"column":4},"end":{"line":44,"column":53}},"26":{"start":{"line":45,"column":9},"end":{"line":73,"column":null}},"27":{"start":{"line":46,"column":4},"end":{"line":46,"column":50}},"28":{"start":{"line":49,"column":24},"end":{"line":54,"column":6}},"29":{"start":{"line":56,"column":22},"end":{"line":58,"column":6}},"30":{"start":{"line":60,"column":4},"end":{"line":72,"column":65}},"31":{"start":{"line":61,"column":18},"end":{"line":71,"column":10}},"32":{"start":{"line":62,"column":29},"end":{"line":67,"column":null}},"33":{"start":{"line":70,"column":10},"end":{"line":70,"column":63}},"34":{"start":{"line":72,"column":31},"end":{"line":72,"column":63}},"35":{"start":{"line":77,"column":0},"end":{"line":99,"column":3}},"36":{"start":{"line":77,"column":82},"end":{"line":99,"column":2}},"37":{"start":{"line":78,"column":31},"end":{"line":78,"column":62}},"38":{"start":{"line":80,"column":15},"end":{"line":80,"column":81}},"39":{"start":{"line":81,"column":15},"end":{"line":81,"column":71}},"40":{"start":{"line":83,"column":2},"end":{"line":98,"column":null}},"41":{"start":{"line":84,"column":4},"end":{"line":95,"column":65}},"42":{"start":{"line":88,"column":18},"end":{"line":93,"column":null}},"43":{"start":{"line":95,"column":31},"end":{"line":95,"column":63}},"44":{"start":{"line":97,"column":4},"end":{"line":97,"column":50}},"45":{"start":{"line":102,"column":0},"end":{"line":133,"column":3}},"46":{"start":{"line":102,"column":74},"end":{"line":133,"column":2}},"47":{"start":{"line":103,"column":19},"end":{"line":103,"column":41}},"48":{"start":{"line":104,"column":16},"end":{"line":104,"column":35}},"49":{"start":{"line":108,"column":43},"end":{"line":108,"column":79}},"50":{"start":{"line":109,"column":23},"end":{"line":109,"column":56}},"51":{"start":{"line":110,"column":26},"end":{"line":112,"column":50}},"52":{"start":{"line":114,"column":2},"end":{"line":116,"column":null}},"53":{"start":{"line":115,"column":4},"end":{"line":115,"column":45}},"54":{"start":{"line":125,"column":23},"end":{"line":128,"column":4}},"55":{"start":{"line":130,"column":16},"end":{"line":130,"column":63}},"56":{"start":{"line":132,"column":2},"end":{"line":132,"column":60}},"57":{"start":{"line":135,"column":0},"end":{"line":135,"column":22}}},"fnMap":{"0":{"name":"(anonymous_8)","decl":{"start":{"line":16,"column":20},"end":{"line":16,"column":21}},"loc":{"start":{"line":16,"column":44},"end":{"line":18,"column":1}}},"1":{"name":"(anonymous_9)","decl":{"start":{"line":24,"column":23},"end":{"line":24,"column":30}},"loc":{"start":{"line":24,"column":75},"end":{"line":74,"column":2}}},"2":{"name":"(anonymous_10)","decl":{"start":{"line":24,"column":75},"end":{"line":24,"column":null}},"loc":{"start":{"line":24,"column":75},"end":{"line":74,"column":1}}},"3":{"name":"(anonymous_11)","decl":{"start":{"line":61,"column":12},"end":{"line":61,"column":15}},"loc":{"start":{"line":61,"column":18},"end":{"line":71,"column":10}}},"4":{"name":"(anonymous_12)","decl":{"start":{"line":62,"column":14},"end":{"line":62,"column":15}},"loc":{"start":{"line":62,"column":29},"end":{"line":67,"column":null}}},"5":{"name":"(anonymous_13)","decl":{"start":{"line":69,"column":15},"end":{"line":69,"column":16}},"loc":{"start":{"line":69,"column":32},"end":{"line":71,"column":9}}},"6":{"name":"(anonymous_14)","decl":{"start":{"line":72,"column":13},"end":{"line":72,"column":14}},"loc":{"start":{"line":72,"column":31},"end":{"line":72,"column":63}}},"7":{"name":"(anonymous_15)","decl":{"start":{"line":77,"column":44},"end":{"line":77,"column":51}},"loc":{"start":{"line":77,"column":82},"end":{"line":99,"column":2}}},"8":{"name":"(anonymous_16)","decl":{"start":{"line":77,"column":82},"end":{"line":77,"column":null}},"loc":{"start":{"line":77,"column":82},"end":{"line":99,"column":1}}},"9":{"name":"(anonymous_17)","decl":{"start":{"line":88,"column":12},"end":{"line":88,"column":15}},"loc":{"start":{"line":88,"column":18},"end":{"line":93,"column":null}}},"10":{"name":"(anonymous_18)","decl":{"start":{"line":95,"column":13},"end":{"line":95,"column":14}},"loc":{"start":{"line":95,"column":31},"end":{"line":95,"column":63}}},"11":{"name":"(anonymous_19)","decl":{"start":{"line":102,"column":22},"end":{"line":102,"column":29}},"loc":{"start":{"line":102,"column":74},"end":{"line":133,"column":2}}},"12":{"name":"(anonymous_20)","decl":{"start":{"line":102,"column":74},"end":{"line":102,"column":null}},"loc":{"start":{"line":102,"column":74},"end":{"line":133,"column":1}}}},"branchMap":{"0":{"loc":{"start":{"line":32,"column":2},"end":{"line":34,"column":null}},"type":"if","locations":[{"start":{"line":32,"column":2},"end":{"line":34,"column":null}}]},"1":{"loc":{"start":{"line":43,"column":2},"end":{"line":73,"column":null}},"type":"if","locations":[{"start":{"line":43,"column":2},"end":{"line":73,"column":null}},{"start":{"line":45,"column":9},"end":{"line":73,"column":null}}]},"2":{"loc":{"start":{"line":45,"column":9},"end":{"line":73,"column":null}},"type":"if","locations":[{"start":{"line":45,"column":9},"end":{"line":73,"column":null}},{"start":{"line":47,"column":9},"end":{"line":73,"column":null}}]},"3":{"loc":{"start":{"line":83,"column":2},"end":{"line":98,"column":null}},"type":"if","locations":[{"start":{"line":83,"column":2},"end":{"line":98,"column":null}},{"start":{"line":96,"column":9},"end":{"line":98,"column":null}}]},"4":{"loc":{"start":{"line":109,"column":26},"end":{"line":109,"column":54}},"type":"cond-expr","locations":[{"start":{"line":109,"column":33},"end":{"line":109,"column":50}},{"start":{"line":109,"column":52},"end":{"line":109,"column":54}}]},"5":{"loc":{"start":{"line":110,"column":26},"end":{"line":112,"column":50}},"type":"cond-expr","locations":[{"start":{"line":111,"column":6},"end":{"line":111,"column":11}},{"start":{"line":112,"column":6},"end":{"line":112,"column":50}}]},"6":{"loc":{"start":{"line":114,"column":2},"end":{"line":116,"column":null}},"type":"if","locations":[{"start":{"line":114,"column":2},"end":{"line":116,"column":null}}]},"7":{"loc":{"start":{"line":114,"column":8},"end":{"line":114,"column":31}},"type":"binary-expr","locations":[{"start":{"line":114,"column":8},"end":{"line":114,"column":12}},{"start":{"line":114,"column":16},"end":{"line":114,"column":31}}]}},"s":{"0":1,"1":1,"2":1,"3":1,"4":1,"5":1,"6":1,"7":1,"8":1,"9":1,"10":1,"11":0,"12":1,"13":0,"14":0,"15":0,"16":0,"17":0,"18":0,"19":0,"20":0,"21":0,"22":0,"23":0,"24":0,"25":0,"26":0,"27":0,"28":0,"29":0,"30":0,"31":0,"32":0,"33":0,"34":0,"35":1,"36":0,"37":0,"38":0,"39":0,"40":0,"41":0,"42":0,"43":0,"44":0,"45":1,"46":0,"47":0,"48":0,"49":0,"50":0,"51":0,"52":0,"53":0,"54":0,"55":0,"56":0,"57":1},"f":{"0":0,"1":0,"2":0,"3":0,"4":0,"5":0,"6":0,"7":0,"8":0,"9":0,"10":0,"11":0,"12":0},"b":{"0":[0],"1":[0,0],"2":[0,0],"3":[0,0],"4":[0,0],"5":[0,0],"6":[0],"7":[0,0]}}
,"/home/tsdev/Documents/repos/typescript-node-api-boilerplate-crud/src/controllers/users_handlers.ts": {"path":"/home/tsdev/Documents/repos/typescript-node-api-boilerplate-crud/src/controllers/users_handlers.ts","statementMap":{"0":{"start":{"line":1,"column":32},"end":{"line":9,"column":1}},"1":{"start":{"line":2,"column":2},"end":{"line":8,"column":null}},"2":{"start":{"line":3,"column":4},"end":{"line":3,"column":69}},"3":{"start":{"line":4,"column":9},"end":{"line":8,"column":null}},"4":{"start":{"line":5,"column":4},"end":{"line":5,"column":80}},"5":{"start":{"line":7,"column":4},"end":{"line":7,"column":16}},"6":{"start":{"line":1,"column":13},"end":{"line":1,"column":32}}},"fnMap":{"0":{"name":"(anonymous_0)","decl":{"start":{"line":1,"column":32},"end":{"line":1,"column":33}},"loc":{"start":{"line":1,"column":53},"end":{"line":9,"column":1}}}},"branchMap":{"0":{"loc":{"start":{"line":2,"column":2},"end":{"line":8,"column":null}},"type":"if","locations":[{"start":{"line":2,"column":2},"end":{"line":8,"column":null}},{"start":{"line":4,"column":9},"end":{"line":8,"column":null}}]},"1":{"loc":{"start":{"line":4,"column":9},"end":{"line":8,"column":null}},"type":"if","locations":[{"start":{"line":4,"column":9},"end":{"line":8,"column":null}},{"start":{"line":6,"column":9},"end":{"line":8,"column":null}}]}},"s":{"0":1,"1":0,"2":0,"3":0,"4":0,"5":0,"6":1},"f":{"0":0},"b":{"0":[0,0],"1":[0,0]}}
,"/home/tsdev/Documents/repos/typescript-node-api-boilerplate-crud/src/domain/index.ts": {"path":"/home/tsdev/Documents/repos/typescript-node-api-boilerplate-crud/src/domain/index.ts","statementMap":{"0":{"start":{"line":1,"column":13},"end":{"line":1,"column":75}},"1":{"start":{"line":2,"column":13},"end":{"line":2,"column":49}}},"fnMap":{},"branchMap":{},"s":{"0":1,"1":1},"f":{},"b":{}}
,"/home/tsdev/Documents/repos/typescript-node-api-boilerplate-crud/src/labels/api_messages/users.ts": {"path":"/home/tsdev/Documents/repos/typescript-node-api-boilerplate-crud/src/labels/api_messages/users.ts","statementMap":{"0":{"start":{"line":1,"column":13},"end":{"line":1,"column":108}},"1":{"start":{"line":2,"column":13},"end":{"line":2,"column":86}},"2":{"start":{"line":3,"column":13},"end":{"line":3,"column":64}},"3":{"start":{"line":4,"column":13},"end":{"line":4,"column":78}},"4":{"start":{"line":5,"column":13},"end":{"line":5,"column":86}},"5":{"start":{"line":6,"column":13},"end":{"line":6,"column":102}},"6":{"start":{"line":7,"column":13},"end":{"line":7,"column":76}},"7":{"start":{"line":8,"column":13},"end":{"line":8,"column":63}},"8":{"start":{"line":9,"column":13},"end":{"line":9,"column":116}},"9":{"start":{"line":10,"column":13},"end":{"line":10,"column":96}},"10":{"start":{"line":11,"column":13},"end":{"line":11,"column":60}}},"fnMap":{},"branchMap":{},"s":{"0":1,"1":1,"2":1,"3":1,"4":1,"5":1,"6":1,"7":1,"8":1,"9":1,"10":1},"f":{},"b":{}}
,"/home/tsdev/Documents/repos/typescript-node-api-boilerplate-crud/src/middlewares/authentication/index.ts": {"path":"/home/tsdev/Documents/repos/typescript-node-api-boilerplate-crud/src/middlewares/authentication/index.ts","statementMap":{"0":{"start":{"line":16,"column":30},"end":{"line":24,"column":1}},"1":{"start":{"line":17,"column":15},"end":{"line":17,"column":39}},"2":{"start":{"line":18,"column":2},"end":{"line":23,"column":null}},"3":{"start":{"line":19,"column":4},"end":{"line":19,"column":34}},"4":{"start":{"line":20,"column":4},"end":{"line":20,"column":11}},"5":{"start":{"line":22,"column":4},"end":{"line":22,"column":11}},"6":{"start":{"line":16,"column":13},"end":{"line":16,"column":30}}},"fnMap":{"0":{"name":"(anonymous_0)","decl":{"start":{"line":16,"column":30},"end":{"line":16,"column":31}},"loc":{"start":{"line":16,"column":83},"end":{"line":24,"column":1}}}},"branchMap":{"0":{"loc":{"start":{"line":18,"column":2},"end":{"line":23,"column":null}},"type":"if","locations":[{"start":{"line":18,"column":2},"end":{"line":23,"column":null}},{"start":{"line":21,"column":9},"end":{"line":23,"column":null}}]},"1":{"loc":{"start":{"line":18,"column":6},"end":{"line":18,"column":54}},"type":"binary-expr","locations":[{"start":{"line":18,"column":6},"end":{"line":18,"column":10}},{"start":{"line":18,"column":14},"end":{"line":18,"column":54}}]}},"s":{"0":1,"1":6,"2":6,"3":3,"4":3,"5":3,"6":1},"f":{"0":6},"b":{"0":[3,3],"1":[6,4]}}
,"/home/tsdev/Documents/repos/typescript-node-api-boilerplate-crud/src/middlewares/error_handling/index.ts": {"path":"/home/tsdev/Documents/repos/typescript-node-api-boilerplate-crud/src/middlewares/error_handling/index.ts","statementMap":{"0":{"start":{"line":2,"column":0},"end":{"line":2,"column":55}},"1":{"start":{"line":4,"column":0},"end":{"line":4,"column":101}},"2":{"start":{"line":15,"column":2},"end":{"line":18,"column":null}},"3":{"start":{"line":15,"column":67},"end":{"line":18,"column":null}},"4":{"start":{"line":28,"column":2},"end":{"line":52,"column":1}},"5":{"start":{"line":30,"column":2},"end":{"line":30,"column":26}},"6":{"start":{"line":32,"column":2},"end":{"line":51,"column":null}},"7":{"start":{"line":33,"column":4},"end":{"line":33,"column":16}},"8":{"start":{"line":34,"column":4},"end":{"line":34,"column":71}},"9":{"start":{"line":35,"column":9},"end":{"line":51,"column":null}},"10":{"start":{"line":36,"column":4},"end":{"line":36,"column":16}},"11":{"start":{"line":37,"column":4},"end":{"line":44,"column":null}},"12":{"start":{"line":38,"column":6},"end":{"line":41,"column":9}},"13":{"start":{"line":43,"column":6},"end":{"line":43,"column":70}},"14":{"start":{"line":45,"column":9},"end":{"line":51,"column":null}},"15":{"start":{"line":46,"column":4},"end":{"line":46,"column":16}},"16":{"start":{"line":47,"column":4},"end":{"line":47,"column":67}},"17":{"start":{"line":49,"column":4},"end":{"line":49,"column":16}},"18":{"start":{"line":50,"column":4},"end":{"line":50,"column":39}},"19":{"start":{"line":27,"column":13},"end":{"line":27,"column":null}}},"fnMap":{"0":{"name":"(anonymous_0)","decl":{"start":{"line":15,"column":2},"end":{"line":15,"column":3}},"loc":{"start":{"line":15,"column":67},"end":{"line":18,"column":null}}},"1":{"name":"(anonymous_1)","decl":{"start":{"line":28,"column":2},"end":{"line":28,"column":3}},"loc":{"start":{"line":28,"column":69},"end":{"line":52,"column":1}}}},"branchMap":{"0":{"loc":{"start":{"line":32,"column":2},"end":{"line":51,"column":null}},"type":"if","locations":[{"start":{"line":32,"column":2},"end":{"line":51,"column":null}},{"start":{"line":35,"column":9},"end":{"line":51,"column":null}}]},"1":{"loc":{"start":{"line":35,"column":9},"end":{"line":51,"column":null}},"type":"if","locations":[{"start":{"line":35,"column":9},"end":{"line":51,"column":null}},{"start":{"line":45,"column":9},"end":{"line":51,"column":null}}]},"2":{"loc":{"start":{"line":37,"column":4},"end":{"line":44,"column":null}},"type":"if","locations":[{"start":{"line":37,"column":4},"end":{"line":44,"column":null}},{"start":{"line":42,"column":11},"end":{"line":44,"column":null}}]},"3":{"loc":{"start":{"line":45,"column":9},"end":{"line":51,"column":null}},"type":"if","locations":[{"start":{"line":45,"column":9},"end":{"line":51,"column":null}},{"start":{"line":48,"column":9},"end":{"line":51,"column":null}}]}},"s":{"0":1,"1":1,"2":1,"3":2,"4":1,"5":3,"6":3,"7":0,"8":0,"9":3,"10":1,"11":1,"12":1,"13":0,"14":2,"15":2,"16":2,"17":0,"18":0,"19":1},"f":{"0":2,"1":3},"b":{"0":[0,3],"1":[1,2],"2":[1,0],"3":[2,0]}}
,"/home/tsdev/Documents/repos/typescript-node-api-boilerplate-crud/src/models/entry/Entry.ts": {"path":"/home/tsdev/Documents/repos/typescript-node-api-boilerplate-crud/src/models/entry/Entry.ts","statementMap":{"0":{"start":{"line":1,"column":0},"end":{"line":1,"column":41}},"1":{"start":{"line":2,"column":0},"end":{"line":2,"column":56}},"2":{"start":{"line":5,"column":20},"end":{"line":20,"column":2}},"3":{"start":{"line":31,"column":0},"end":{"line":31,"column":36}},"4":{"start":{"line":39,"column":19},"end":{"line":39,"column":57}},"5":{"start":{"line":41,"column":0},"end":{"line":41,"column":26}}},"fnMap":{},"branchMap":{},"s":{"0":1,"1":1,"2":1,"3":1,"4":1,"5":1},"f":{},"b":{}}
,"/home/tsdev/Documents/repos/typescript-node-api-boilerplate-crud/src/models/user/User.ts": {"path":"/home/tsdev/Documents/repos/typescript-node-api-boilerplate-crud/src/models/user/User.ts","statementMap":{"0":{"start":{"line":1,"column":0},"end":{"line":1,"column":48}},"1":{"start":{"line":2,"column":0},"end":{"line":2,"column":56}},"2":{"start":{"line":3,"column":0},"end":{"line":3,"column":52}},"3":{"start":{"line":13,"column":19},"end":{"line":36,"column":2}},"4":{"start":{"line":38,"column":0},"end":{"line":45,"column":3}},"5":{"start":{"line":40,"column":4},"end":{"line":40,"column":59}},"6":{"start":{"line":42,"column":4},"end":{"line":42,"column":30}},"7":{"start":{"line":43,"column":4},"end":{"line":43,"column":39}},"8":{"start":{"line":47,"column":0},"end":{"line":47,"column":35}},"9":{"start":{"line":49,"column":13},"end":{"line":49,"column":48}},"10":{"start":{"line":51,"column":0},"end":{"line":51,"column":20}}},"fnMap":{"0":{"name":"(anonymous_1)","decl":{"start":{"line":39,"column":13},"end":{"line":39,"column":14}},"loc":{"start":{"line":39,"column":43},"end":{"line":44,"column":3}}}},"branchMap":{},"s":{"0":1,"1":1,"2":1,"3":1,"4":1,"5":0,"6":0,"7":0,"8":1,"9":1,"10":1},"f":{"0":0},"b":{}}
,"/home/tsdev/Documents/repos/typescript-node-api-boilerplate-crud/src/utils/config.ts": {"path":"/home/tsdev/Documents/repos/typescript-node-api-boilerplate-crud/src/utils/config.ts","statementMap":{"0":{"start":{"line":3,"column":0},"end":{"line":3,"column":27}},"1":{"start":{"line":5,"column":13},"end":{"line":5,"column":45}},"2":{"start":{"line":6,"column":13},"end":{"line":6,"column":47}},"3":{"start":{"line":7,"column":13},"end":{"line":7,"column":55}},"4":{"start":{"line":8,"column":13},"end":{"line":12,"column":41}},"5":{"start":{"line":13,"column":13},"end":{"line":15,"column":30}}},"fnMap":{},"branchMap":{"0":{"loc":{"start":{"line":5,"column":20},"end":{"line":5,"column":44}},"type":"binary-expr","locations":[{"start":{"line":5,"column":20},"end":{"line":5,"column":36}},{"start":{"line":5,"column":40},"end":{"line":5,"column":44}}]},"1":{"loc":{"start":{"line":8,"column":27},"end":{"line":12,"column":40}},"type":"cond-expr","locations":[{"start":{"line":9,"column":4},"end":{"line":9,"column":32}},{"start":{"line":10,"column":4},"end":{"line":12,"column":40}}]},"2":{"loc":{"start":{"line":10,"column":4},"end":{"line":12,"column":40}},"type":"cond-expr","locations":[{"start":{"line":11,"column":6},"end":{"line":11,"column":33}},{"start":{"line":12,"column":6},"end":{"line":12,"column":40}}]},"3":{"loc":{"start":{"line":13,"column":23},"end":{"line":15,"column":29}},"type":"cond-expr","locations":[{"start":{"line":14,"column":4},"end":{"line":14,"column":32}},{"start":{"line":15,"column":4},"end":{"line":15,"column":29}}]}},"s":{"0":1,"1":1,"2":1,"3":1,"4":1,"5":1},"f":{},"b":{"0":[1,0],"1":[1,0],"2":[0,0],"3":[0,1]}}
,"/home/tsdev/Documents/repos/typescript-node-api-boilerplate-crud/src/utils/logger.ts": {"path":"/home/tsdev/Documents/repos/typescript-node-api-boilerplate-crud/src/utils/logger.ts","statementMap":{"0":{"start":{"line":3,"column":20},"end":{"line":7,"column":1}},"1":{"start":{"line":4,"column":2},"end":{"line":6,"column":null}},"2":{"start":{"line":5,"column":4},"end":{"line":5,"column":27}},"3":{"start":{"line":3,"column":13},"end":{"line":3,"column":20}},"4":{"start":{"line":9,"column":21},"end":{"line":13,"column":1}},"5":{"start":{"line":10,"column":2},"end":{"line":12,"column":null}},"6":{"start":{"line":11,"column":4},"end":{"line":11,"column":27}},"7":{"start":{"line":9,"column":13},"end":{"line":9,"column":21}},"8":{"start":{"line":15,"column":19},"end":{"line":19,"column":1}},"9":{"start":{"line":16,"column":2},"end":{"line":18,"column":null}},"10":{"start":{"line":17,"column":4},"end":{"line":17,"column":27}},"11":{"start":{"line":15,"column":13},"end":{"line":15,"column":19}}},"fnMap":{"0":{"name":"(anonymous_0)","decl":{"start":{"line":3,"column":20},"end":{"line":3,"column":21}},"loc":{"start":{"line":3,"column":56},"end":{"line":7,"column":1}}},"1":{"name":"(anonymous_1)","decl":{"start":{"line":9,"column":21},"end":{"line":9,"column":22}},"loc":{"start":{"line":9,"column":56},"end":{"line":13,"column":1}}},"2":{"name":"(anonymous_2)","decl":{"start":{"line":15,"column":19},"end":{"line":15,"column":20}},"loc":{"start":{"line":15,"column":55},"end":{"line":19,"column":1}}}},"branchMap":{"0":{"loc":{"start":{"line":4,"column":2},"end":{"line":6,"column":null}},"type":"if","locations":[{"start":{"line":4,"column":2},"end":{"line":6,"column":null}}]},"1":{"loc":{"start":{"line":10,"column":2},"end":{"line":12,"column":null}},"type":"if","locations":[{"start":{"line":10,"column":2},"end":{"line":12,"column":null}}]},"2":{"loc":{"start":{"line":16,"column":2},"end":{"line":18,"column":null}},"type":"if","locations":[{"start":{"line":16,"column":2},"end":{"line":18,"column":null}}]}},"s":{"0":1,"1":2,"2":0,"3":1,"4":1,"5":3,"6":0,"7":1,"8":1,"9":0,"10":0,"11":1},"f":{"0":2,"1":3,"2":0},"b":{"0":[0],"1":[0],"2":[0]}}
,"/home/tsdev/Documents/repos/typescript-node-api-boilerplate-crud/src/utils/emails/send.ts": {"path":"/home/tsdev/Documents/repos/typescript-node-api-boilerplate-crud/src/utils/emails/send.ts","statementMap":{"0":{"start":{"line":4,"column":0},"end":{"line":4,"column":26}},"1":{"start":{"line":5,"column":0},"end":{"line":5,"column":51}},"2":{"start":{"line":6,"column":0},"end":{"line":6,"column":27}},"3":{"start":{"line":7,"column":11},"end":{"line":7,"column":49}},"4":{"start":{"line":20,"column":25},"end":{"line":82,"column":2}},"5":{"start":{"line":20,"column":72},"end":{"line":82,"column":2}},"6":{"start":{"line":21,"column":14},"end":{"line":21,"column":49}},"7":{"start":{"line":22,"column":18},"end":{"line":28,"column":4}},"8":{"start":{"line":31,"column":15},"end":{"line":40,"column":60}},"9":{"start":{"line":40,"column":47},"end":{"line":40,"column":59}},"10":{"start":{"line":42,"column":2},"end":{"line":42,"column":12}},"11":{"start":{"line":44,"column":15},"end":{"line":67,"column":3}},"12":{"start":{"line":69,"column":2},"end":{"line":73,"column":null}},"13":{"start":{"line":70,"column":4},"end":{"line":70,"column":67}},"14":{"start":{"line":71,"column":9},"end":{"line":73,"column":null}},"15":{"start":{"line":72,"column":4},"end":{"line":72,"column":57}},"16":{"start":{"line":75,"column":2},"end":{"line":81,"column":30}},"17":{"start":{"line":76,"column":17},"end":{"line":76,"column":20}},"18":{"start":{"line":78,"column":6},"end":{"line":78,"column":46}},"19":{"start":{"line":79,"column":6},"end":{"line":79,"column":52}},"20":{"start":{"line":81,"column":19},"end":{"line":81,"column":28}},"21":{"start":{"line":20,"column":13},"end":{"line":20,"column":25}}},"fnMap":{"0":{"name":"(anonymous_8)","decl":{"start":{"line":20,"column":25},"end":{"line":20,"column":32}},"loc":{"start":{"line":20,"column":72},"end":{"line":82,"column":2}}},"1":{"name":"(anonymous_9)","decl":{"start":{"line":20,"column":72},"end":{"line":20,"column":null}},"loc":{"start":{"line":20,"column":72},"end":{"line":82,"column":1}}},"2":{"name":"(anonymous_10)","decl":{"start":{"line":40,"column":10},"end":{"line":40,"column":11}},"loc":{"start":{"line":40,"column":47},"end":{"line":40,"column":59}}},"3":{"name":"(anonymous_11)","decl":{"start":{"line":76,"column":10},"end":{"line":76,"column":13}},"loc":{"start":{"line":76,"column":17},"end":{"line":76,"column":20}}},"4":{"name":"(anonymous_12)","decl":{"start":{"line":77,"column":11},"end":{"line":77,"column":12}},"loc":{"start":{"line":77,"column":28},"end":{"line":80,"column":5}}},"5":{"name":"(anonymous_13)","decl":{"start":{"line":81,"column":13},"end":{"line":81,"column":16}},"loc":{"start":{"line":81,"column":19},"end":{"line":81,"column":28}}}},"branchMap":{"0":{"loc":{"start":{"line":69,"column":2},"end":{"line":73,"column":null}},"type":"if","locations":[{"start":{"line":69,"column":2},"end":{"line":73,"column":null}},{"start":{"line":71,"column":9},"end":{"line":73,"column":null}}]},"1":{"loc":{"start":{"line":71,"column":9},"end":{"line":73,"column":null}},"type":"if","locations":[{"start":{"line":71,"column":9},"end":{"line":73,"column":null}}]}},"s":{"0":1,"1":1,"2":1,"3":1,"4":1,"5":0,"6":0,"7":0,"8":0,"9":0,"10":0,"11":0,"12":0,"13":0,"14":0,"15":0,"16":0,"17":0,"18":0,"19":0,"20":0,"21":1},"f":{"0":0,"1":0,"2":0,"3":0,"4":0,"5":0},"b":{"0":[0,0],"1":[0]}}
,"/home/tsdev/Documents/repos/typescript-node-api-boilerplate-crud/src/views/json/users.ts": {"path":"/home/tsdev/Documents/repos/typescript-node-api-boilerplate-crud/src/views/json/users.ts","statementMap":{"0":{"start":{"line":2,"column":0},"end":{"line":2,"column":null}},"1":{"start":{"line":17,"column":13},"end":{"line":20,"column":2}},"2":{"start":{"line":23,"column":13},"end":{"line":26,"column":2}},"3":{"start":{"line":29,"column":13},"end":{"line":32,"column":2}},"4":{"start":{"line":35,"column":13},"end":{"line":38,"column":2}},"5":{"start":{"line":41,"column":13},"end":{"line":44,"column":2}},"6":{"start":{"line":47,"column":13},"end":{"line":50,"column":2}},"7":{"start":{"line":53,"column":13},"end":{"line":56,"column":2}},"8":{"start":{"line":62,"column":14},"end":{"line":65,"column":2}},"9":{"start":{"line":71,"column":14},"end":{"line":74,"column":2}},"10":{"start":{"line":80,"column":32},"end":{"line":83,"column":2}},"11":{"start":{"line":80,"column":67},"end":{"line":83,"column":2}},"12":{"start":{"line":80,"column":14},"end":{"line":80,"column":32}},"13":{"start":{"line":89,"column":14},"end":{"line":92,"column":2}}},"fnMap":{"0":{"name":"(anonymous_0)","decl":{"start":{"line":80,"column":32},"end":{"line":80,"column":33}},"loc":{"start":{"line":80,"column":67},"end":{"line":83,"column":2}}}},"branchMap":{"0":{"loc":{"start":{"line":82,"column":16},"end":{"line":82,"column":43}},"type":"binary-expr","locations":[{"start":{"line":82,"column":16},"end":{"line":82,"column":23}},{"start":{"line":82,"column":27},"end":{"line":82,"column":43}}]}},"s":{"0":1,"1":1,"2":1,"3":1,"4":1,"5":1,"6":1,"7":1,"8":1,"9":1,"10":1,"11":1,"12":1,"13":1},"f":{"0":1},"b":{"0":[1,0]}}
}
