TN:
SF:src/app.ts
FN:21,(anonymous_1)
FNF:1
FNH:0
FNDA:0,(anonymous_1)
DA:1,1
DA:2,1
DA:3,1
DA:4,1
DA:5,1
DA:6,1
DA:7,1
DA:8,1
DA:9,1
DA:11,1
DA:12,1
DA:13,1
DA:14,1
DA:15,1
DA:16,1
DA:17,1
DA:18,1
DA:19,1
DA:21,1
DA:22,0
DA:23,0
DA:26,1
DA:27,1
DA:28,1
DA:30,1
LF:25
LH:23
BRF:0
BRH:0
end_of_record
TN:
SF:src/index.ts
FN:10,(anonymous_1)
FN:13,(anonymous_2)
FN:19,(anonymous_3)
FNF:3
FNH:2
FNDA:1,(anonymous_1)
FNDA:0,(anonymous_2)
FNDA:1,(anonymous_3)
DA:1,1
DA:2,1
DA:3,1
DA:4,1
DA:6,1
DA:11,1
DA:14,0
DA:17,1
DA:19,1
DA:20,1
DA:23,1
LF:11
LH:10
BRF:0
BRH:0
end_of_record
TN:
SF:src/controllers/emails.ts
FN:11,(anonymous_1)
FN:20,(anonymous_2)
FN:30,(anonymous_3)
FN:31,(anonymous_4)
FNF:4
FNH:0
FNDA:0,(anonymous_1)
FNDA:0,(anonymous_2)
FNDA:0,(anonymous_3)
FNDA:0,(anonymous_4)
DA:3,1
DA:4,1
DA:6,1
DA:11,1
DA:12,0
DA:20,1
DA:21,0
DA:28,0
DA:29,0
DA:30,0
DA:31,0
DA:34,1
LF:12
LH:6
BRF:0
BRH:0
end_of_record
TN:
SF:src/controllers/entries.ts
FN:19,(anonymous_8)
FN:28,(anonymous_9)
FN:28,(anonymous_10)
FN:41,(anonymous_11)
FN:41,(anonymous_12)
FN:54,(anonymous_13)
FN:54,(anonymous_14)
FN:85,(anonymous_15)
FN:85,(anonymous_16)
FN:104,(anonymous_17)
FN:108,(anonymous_18)
FN:114,(anonymous_19)
FN:120,(anonymous_20)
FNF:13
FNH:5
FNDA:1,(anonymous_8)
FNDA:0,(anonymous_9)
FNDA:0,(anonymous_10)
FNDA:0,(anonymous_11)
FNDA:0,(anonymous_12)
FNDA:0,(anonymous_13)
FNDA:0,(anonymous_14)
FNDA:0,(anonymous_15)
FNDA:0,(anonymous_16)
FNDA:5,(anonymous_17)
FNDA:5,(anonymous_18)
FNDA:3,(anonymous_19)
FNDA:3,(anonymous_20)
DA:1,1
DA:2,1
DA:3,1
DA:4,1
DA:8,1
DA:19,1
DA:20,1
DA:28,1
DA:29,0
DA:32,0
DA:41,1
DA:42,0
DA:43,0
DA:54,1
DA:56,0
DA:58,0
DA:60,0
DA:61,0
DA:63,0
DA:64,0
DA:65,0
DA:67,0
DA:68,0
DA:69,0
DA:72,0
DA:73,0
DA:85,1
DA:86,0
DA:88,0
DA:91,0
DA:92,0
DA:94,0
DA:104,1
DA:105,5
DA:109,5
DA:110,2
DA:112,3
DA:115,3
DA:116,0
DA:118,3
DA:119,3
DA:121,3
DA:122,1
DA:124,2
DA:138,1
LF:45
LH:23
BRDA:43,0,0,0
BRDA:43,0,1,0
BRDA:60,1,0,0
BRDA:60,1,1,0
BRDA:60,2,0,0
BRDA:60,2,1,0
BRDA:64,3,0,0
BRDA:64,3,1,0
BRDA:68,4,0,0
BRDA:68,4,1,0
BRDA:68,5,0,0
BRDA:68,5,1,0
BRDA:72,6,0,0
BRDA:72,6,1,0
BRDA:91,7,0,0
BRDA:91,7,1,0
BRDA:109,8,0,2
BRDA:109,8,1,3
BRDA:115,9,0,0
BRDA:115,9,1,3
BRDA:118,10,0,3
BRDA:118,10,1,3
BRDA:118,11,0,0
BRDA:118,11,1,3
BRDA:118,12,0,3
BRDA:118,12,1,3
BRDA:121,13,0,1
BRDA:121,13,1,2
BRF:28
BRH:10
end_of_record
TN:
SF:src/controllers/users.ts
FN:16,(anonymous_8)
FN:24,(anonymous_9)
FN:24,(anonymous_10)
FN:61,(anonymous_11)
FN:62,(anonymous_12)
FN:69,(anonymous_13)
FN:72,(anonymous_14)
FN:77,(anonymous_15)
FN:77,(anonymous_16)
FN:88,(anonymous_17)
FN:95,(anonymous_18)
FN:102,(anonymous_19)
FN:102,(anonymous_20)
FNF:13
FNH:0
FNDA:0,(anonymous_8)
FNDA:0,(anonymous_9)
FNDA:0,(anonymous_10)
FNDA:0,(anonymous_11)
FNDA:0,(anonymous_12)
FNDA:0,(anonymous_13)
FNDA:0,(anonymous_14)
FNDA:0,(anonymous_15)
FNDA:0,(anonymous_16)
FNDA:0,(anonymous_17)
FNDA:0,(anonymous_18)
FNDA:0,(anonymous_19)
FNDA:0,(anonymous_20)
DA:1,1
DA:2,1
DA:3,1
DA:5,1
DA:6,1
DA:7,1
DA:8,1
DA:9,1
DA:10,1
DA:13,1
DA:16,1
DA:17,0
DA:24,1
DA:25,0
DA:26,0
DA:27,0
DA:28,0
DA:29,0
DA:30,0
DA:32,0
DA:33,0
DA:36,0
DA:42,0
DA:43,0
DA:44,0
DA:45,0
DA:46,0
DA:49,0
DA:56,0
DA:60,0
DA:61,0
DA:62,0
DA:70,0
DA:72,0
DA:77,1
DA:78,0
DA:80,0
DA:81,0
DA:83,0
DA:84,0
DA:88,0
DA:95,0
DA:97,0
DA:102,1
DA:103,0
DA:104,0
DA:108,0
DA:109,0
DA:110,0
DA:114,0
DA:115,0
DA:125,0
DA:130,0
DA:132,0
DA:135,1
LF:55
LH:15
BRDA:32,0,0,0
BRDA:43,1,0,0
BRDA:43,1,1,0
BRDA:45,2,0,0
BRDA:45,2,1,0
BRDA:83,3,0,0
BRDA:83,3,1,0
BRDA:109,4,0,0
BRDA:109,4,1,0
BRDA:110,5,0,0
BRDA:110,5,1,0
BRDA:114,6,0,0
BRDA:114,7,0,0
BRDA:114,7,1,0
BRF:14
BRH:0
end_of_record
TN:
SF:src/controllers/users_handlers.ts
FN:1,(anonymous_0)
FNF:1
FNH:0
FNDA:0,(anonymous_0)
DA:1,1
DA:2,0
DA:3,0
DA:4,0
DA:5,0
DA:7,0
LF:6
LH:1
BRDA:2,0,0,0
BRDA:2,0,1,0
BRDA:4,1,0,0
BRDA:4,1,1,0
BRF:4
BRH:0
end_of_record
TN:
SF:src/domain/index.ts
FNF:0
FNH:0
DA:1,1
DA:2,1
LF:2
LH:2
BRF:0
BRH:0
end_of_record
TN:
SF:src/labels/api_messages/users.ts
FNF:0
FNH:0
DA:1,1
DA:2,1
DA:3,1
DA:4,1
DA:5,1
DA:6,1
DA:7,1
DA:8,1
DA:9,1
DA:10,1
LF:10
LH:10
BRF:0
BRH:0
end_of_record
TN:
SF:src/middlewares/authentication/index.ts
FN:16,(anonymous_0)
FNF:1
FNH:1
FNDA:6,(anonymous_0)
DA:16,1
DA:17,6
DA:18,6
DA:19,3
DA:20,3
DA:22,3
LF:6
LH:6
BRDA:18,0,0,3
BRDA:18,0,1,3
BRDA:18,1,0,6
BRDA:18,1,1,4
BRF:4
BRH:4
end_of_record
TN:
SF:src/middlewares/error_handling/index.ts
FN:13,(anonymous_0)
FNF:1
FNH:1
FNDA:3,(anonymous_0)
DA:2,1
DA:4,1
DA:12,1
DA:13,1
DA:15,3
DA:17,3
DA:18,0
DA:19,0
DA:20,3
DA:21,1
DA:22,1
DA:23,1
DA:25,0
DA:27,2
DA:28,2
DA:29,2
DA:31,0
DA:32,0
LF:18
LH:13
BRDA:17,0,0,0
BRDA:17,0,1,3
BRDA:20,1,0,1
BRDA:20,1,1,2
BRDA:22,2,0,1
BRDA:22,2,1,0
BRDA:27,3,0,2
BRDA:27,3,1,0
BRF:8
BRH:5
end_of_record
TN:
SF:src/models/entry/Entry.ts
FNF:0
FNH:0
DA:1,1
DA:2,1
DA:5,1
DA:31,1
DA:39,1
DA:41,1
LF:6
LH:6
BRF:0
BRH:0
end_of_record
TN:
SF:src/models/user/User.ts
FN:39,(anonymous_1)
FNF:1
FNH:0
FNDA:0,(anonymous_1)
DA:1,1
DA:2,1
DA:3,1
DA:13,1
DA:38,1
DA:40,0
DA:42,0
DA:43,0
DA:47,1
DA:49,1
DA:51,1
LF:11
LH:8
BRF:0
BRH:0
end_of_record
TN:
SF:src/utils/config.ts
FNF:0
FNH:0
DA:3,1
DA:5,1
DA:6,1
DA:7,1
DA:8,1
DA:13,1
LF:6
LH:6
BRDA:5,0,0,1
BRDA:5,0,1,0
BRDA:8,1,0,1
BRDA:8,1,1,0
BRDA:10,2,0,0
BRDA:10,2,1,0
BRDA:13,3,0,0
BRDA:13,3,1,1
BRF:8
BRH:3
end_of_record
TN:
SF:src/utils/logger.ts
FN:3,(anonymous_0)
FN:9,(anonymous_1)
FN:15,(anonymous_2)
FNF:3
FNH:2
FNDA:2,(anonymous_0)
FNDA:3,(anonymous_1)
FNDA:0,(anonymous_2)
DA:3,1
DA:4,2
DA:5,0
DA:9,1
DA:10,3
DA:11,0
DA:15,1
DA:16,0
DA:17,0
LF:9
LH:5
BRDA:4,0,0,0
BRDA:10,1,0,0
BRDA:16,2,0,0
BRF:3
BRH:0
end_of_record
TN:
SF:src/utils/emails/send.ts
FN:20,(anonymous_8)
FN:20,(anonymous_9)
FN:40,(anonymous_10)
FN:76,(anonymous_11)
FN:77,(anonymous_12)
FN:81,(anonymous_13)
FNF:6
FNH:0
FNDA:0,(anonymous_8)
FNDA:0,(anonymous_9)
FNDA:0,(anonymous_10)
FNDA:0,(anonymous_11)
FNDA:0,(anonymous_12)
FNDA:0,(anonymous_13)
DA:4,1
DA:5,1
DA:6,1
DA:7,1
DA:20,1
DA:21,0
DA:22,0
DA:31,0
DA:40,0
DA:42,0
DA:44,0
DA:69,0
DA:70,0
DA:71,0
DA:72,0
DA:75,0
DA:76,0
DA:78,0
DA:79,0
DA:81,0
LF:20
LH:5
BRDA:69,0,0,0
BRDA:69,0,1,0
BRDA:71,1,0,0
BRF:3
BRH:0
end_of_record
TN:
SF:src/views/json/users.ts
FN:79,(anonymous_0)
FNF:1
FNH:1
FNDA:1,(anonymous_0)
DA:2,1
DA:16,1
DA:22,1
DA:28,1
DA:34,1
DA:40,1
DA:46,1
DA:52,1
DA:61,1
DA:70,1
DA:79,1
LF:11
LH:11
BRDA:81,0,0,1
BRDA:81,0,1,0
BRF:2
BRH:1
end_of_record
